<?xml version="1.0" encoding="UTF-8"?>
<!-- Generated by org.testng.reporters.JUnitReportReporter -->
<testsuite skipped="0" hostname="CNLMURUGANVENU" name="restWebservice.restAPI" tests="1" failures="0" timestamp="18 Sep 2018 09:25:07 GMT" time="2.916" errors="0">
  <testcase name="GetWeatherDetails" time="2.916" classname="restWebservice.restAPI"/>
</testsuite> <!-- restWebservice.restAPI -->
